{"C:\\Users\\ASUS\\Documents\\GitHub\\React\\02-first-steps\\src\\FirstStepsApp.tsx": {"path":"C:\\Users\\ASUS\\Documents\\GitHub\\React\\02-first-steps\\src\\FirstStepsApp.tsx","statementMap":{"0":{"start":{"line":10,"column":39},"end":{"line":17,"column":null}},"1":{"start":{"line":22,"column":4},"end":{"line":28,"column":51}},"2":{"start":{"line":27,"column":58},"end":{"line":28,"column":51}}},"fnMap":{"0":{"name":"FirstStepsApp","decl":{"start":{"line":3,"column":16},"end":{"line":3,"column":null}},"loc":{"start":{"line":3,"column":16},"end":{"line":44,"column":null}},"line":3},"1":{"name":"(anonymous_1)","decl":{"start":{"line":27,"column":32},"end":{"line":27,"column":33}},"loc":{"start":{"line":27,"column":58},"end":{"line":28,"column":51}},"line":27}},"branchMap":{},"s":{"0":3,"1":3,"2":9},"f":{"0":3,"1":9},"b":{},"meta":{"lastBranch":0,"lastFunction":2,"lastStatement":3,"seen":{"f:3:16:3:Infinity":0,"s:10:39:17:Infinity":0,"s:22:4:28:51":1,"f:27:32:27:33":1,"s:27:58:28:51":2},"fnNames":{}}}
,"C:\\Users\\ASUS\\Documents\\GitHub\\React\\02-first-steps\\src\\MyAwesomeApp.tsx": {"path":"C:\\Users\\ASUS\\Documents\\GitHub\\React\\02-first-steps\\src\\MyAwesomeApp.tsx","statementMap":{"0":{"start":{"line":3,"column":17},"end":{"line":3,"column":null}},"1":{"start":{"line":4,"column":17},"end":{"line":4,"column":null}},"2":{"start":{"line":6,"column":22},"end":{"line":6,"column":null}},"3":{"start":{"line":7,"column":17},"end":{"line":7,"column":null}},"4":{"start":{"line":10,"column":16},"end":{"line":13,"column":null}},"5":{"start":{"line":15,"column":28},"end":{"line":38,"column":2}},"6":{"start":{"line":17,"column":36},"end":{"line":23,"column":null}},"7":{"start":{"line":25,"column":4},"end":{"line":35,"column":null}}},"fnMap":{"0":{"name":"(anonymous_0)","decl":{"start":{"line":15,"column":28},"end":{"line":15,"column":null}},"loc":{"start":{"line":15,"column":28},"end":{"line":38,"column":2}},"line":15}},"branchMap":{"0":{"loc":{"start":{"line":33,"column":17},"end":{"line":33,"column":null}},"type":"cond-expr","locations":[{"start":{"line":33,"column":28},"end":{"line":33,"column":39}},{"start":{"line":33,"column":39},"end":{"line":33,"column":null}}],"line":33}},"s":{"0":1,"1":1,"2":1,"3":1,"4":1,"5":1,"6":4,"7":4},"f":{"0":4},"b":{"0":[4,0]},"meta":{"lastBranch":1,"lastFunction":1,"lastStatement":8,"seen":{"s:3:17:3:Infinity":0,"s:4:17:4:Infinity":1,"s:6:22:6:Infinity":2,"s:7:17:7:Infinity":3,"s:10:16:13:Infinity":4,"s:15:28:38:2":5,"f:15:28:15:Infinity":0,"s:17:36:23:Infinity":6,"s:25:4:35:Infinity":7,"b:33:28:33:39:33:39:33:Infinity":0},"fnNames":{}}}
,"C:\\Users\\ASUS\\Documents\\GitHub\\React\\02-first-steps\\src\\helpers\\math.helper.ts": {"path":"C:\\Users\\ASUS\\Documents\\GitHub\\React\\02-first-steps\\src\\helpers\\math.helper.ts","statementMap":{"0":{"start":{"line":4,"column":19},"end":{"line":8,"column":null}},"1":{"start":{"line":7,"column":4},"end":{"line":7,"column":null}},"2":{"start":{"line":12,"column":24},"end":{"line":14,"column":null}},"3":{"start":{"line":13,"column":4},"end":{"line":13,"column":null}},"4":{"start":{"line":16,"column":24},"end":{"line":18,"column":null}},"5":{"start":{"line":17,"column":4},"end":{"line":17,"column":null}},"6":{"start":{"line":20,"column":22},"end":{"line":22,"column":null}},"7":{"start":{"line":21,"column":4},"end":{"line":21,"column":null}}},"fnMap":{"0":{"name":"(anonymous_0)","decl":{"start":{"line":4,"column":19},"end":{"line":4,"column":20}},"loc":{"start":{"line":4,"column":31},"end":{"line":8,"column":null}},"line":4},"1":{"name":"(anonymous_1)","decl":{"start":{"line":12,"column":24},"end":{"line":12,"column":25}},"loc":{"start":{"line":12,"column":36},"end":{"line":14,"column":null}},"line":12},"2":{"name":"(anonymous_2)","decl":{"start":{"line":16,"column":24},"end":{"line":16,"column":25}},"loc":{"start":{"line":16,"column":36},"end":{"line":18,"column":null}},"line":16},"3":{"name":"(anonymous_3)","decl":{"start":{"line":20,"column":22},"end":{"line":20,"column":23}},"loc":{"start":{"line":20,"column":34},"end":{"line":22,"column":null}},"line":20}},"branchMap":{},"s":{"0":1,"1":1,"2":1,"3":2,"4":1,"5":1,"6":1,"7":1},"f":{"0":1,"1":2,"2":1,"3":1},"b":{},"meta":{"lastBranch":0,"lastFunction":4,"lastStatement":8,"seen":{"s:4:19:8:Infinity":0,"f:4:19:4:20":0,"s:7:4:7:Infinity":1,"s:12:24:14:Infinity":2,"f:12:24:12:25":1,"s:13:4:13:Infinity":3,"s:16:24:18:Infinity":4,"f:16:24:16:25":2,"s:17:4:17:Infinity":5,"s:20:22:22:Infinity":6,"f:20:22:20:23":3,"s:21:4:21:Infinity":7},"fnNames":{}}}
,"C:\\Users\\ASUS\\Documents\\GitHub\\React\\02-first-steps\\src\\shopping-cart\\ItemCounter.tsx": {"path":"C:\\Users\\ASUS\\Documents\\GitHub\\React\\02-first-steps\\src\\shopping-cart\\ItemCounter.tsx","statementMap":{"0":{"start":{"line":13,"column":27},"end":{"line":62,"column":null}},"1":{"start":{"line":16,"column":25},"end":{"line":16,"column":null}},"2":{"start":{"line":20,"column":20},"end":{"line":23,"column":null}},"3":{"start":{"line":21,"column":4},"end":{"line":21,"column":null}},"4":{"start":{"line":22,"column":4},"end":{"line":22,"column":null}},"5":{"start":{"line":25,"column":25},"end":{"line":30,"column":null}},"6":{"start":{"line":26,"column":4},"end":{"line":26,"column":null}},"7":{"start":{"line":28,"column":4},"end":{"line":28,"column":null}},"8":{"start":{"line":28,"column":21},"end":{"line":28,"column":null}},"9":{"start":{"line":29,"column":4},"end":{"line":29,"column":null}},"10":{"start":{"line":35,"column":2},"end":{"line":58,"column":null}}},"fnMap":{"0":{"name":"(anonymous_0)","decl":{"start":{"line":13,"column":27},"end":{"line":13,"column":28}},"loc":{"start":{"line":13,"column":57},"end":{"line":62,"column":null}},"line":13},"1":{"name":"(anonymous_1)","decl":{"start":{"line":20,"column":20},"end":{"line":20,"column":null}},"loc":{"start":{"line":20,"column":20},"end":{"line":23,"column":null}},"line":20},"2":{"name":"(anonymous_2)","decl":{"start":{"line":25,"column":25},"end":{"line":25,"column":null}},"loc":{"start":{"line":25,"column":25},"end":{"line":30,"column":null}},"line":25}},"branchMap":{"0":{"loc":{"start":{"line":13,"column":36},"end":{"line":13,"column":48}},"type":"default-arg","locations":[{"start":{"line":13,"column":47},"end":{"line":13,"column":48}}],"line":13},"1":{"loc":{"start":{"line":28,"column":4},"end":{"line":28,"column":null}},"type":"if","locations":[{"start":{"line":28,"column":4},"end":{"line":28,"column":null}},{"start":{},"end":{}}],"line":28},"2":{"loc":{"start":{"line":51,"column":17},"end":{"line":51,"column":null}},"type":"cond-expr","locations":[{"start":{"line":51,"column":31},"end":{"line":51,"column":39}},{"start":{"line":51,"column":39},"end":{"line":51,"column":null}}],"line":51}},"s":{"0":1,"1":9,"2":9,"3":1,"4":1,"5":9,"6":2,"7":2,"8":1,"9":1,"10":9},"f":{"0":9,"1":1,"2":2},"b":{"0":[9],"1":[1,1],"2":[4,5]},"meta":{"lastBranch":3,"lastFunction":3,"lastStatement":11,"seen":{"s:13:27:62:Infinity":0,"f:13:27:13:28":0,"b:13:47:13:48":0,"s:16:25:16:Infinity":1,"s:20:20:23:Infinity":2,"f:20:20:20:Infinity":1,"s:21:4:21:Infinity":3,"s:22:4:22:Infinity":4,"s:25:25:30:Infinity":5,"f:25:25:25:Infinity":2,"s:26:4:26:Infinity":6,"b:28:4:28:Infinity:undefined:undefined:undefined:undefined":1,"s:28:4:28:Infinity":7,"s:28:21:28:Infinity":8,"s:29:4:29:Infinity":9,"s:35:2:58:Infinity":10,"b:51:31:51:39:51:39:51:Infinity":2},"fnNames":{}}}
,"C:\\Users\\ASUS\\Documents\\GitHub\\React\\02-first-steps\\src\\shopping-cart\\itemCounter.module.css": {"path":"C:\\Users\\ASUS\\Documents\\GitHub\\React\\02-first-steps\\src\\shopping-cart\\itemCounter.module.css","statementMap":{},"fnMap":{},"branchMap":{},"s":{},"f":{},"b":{},"meta":{"lastBranch":0,"lastFunction":0,"lastStatement":0,"seen":{},"fnNames":{}}}
}
